<?xml version="1.0" encoding="UTF-8"?>
<!-- Generated by org.testng.reporters.JUnitXMLReporter -->
<testsuite ignored="0" hostname="Lakshmikanth_HP" failures="2" tests="2" name="Surefire test" time="4.175" errors="0" timestamp="2024-03-23T18:27:45 IST">
  <testcase classname="api.test.UserTests" name="testPostUser" time="2.658">
    <failure type="java.lang.AssertionError" message="expected [200] but found [404]">
      <![CDATA[java.lang.AssertionError: expected [200] but found [404]
at api.test.UserTests.testPostUser(UserTests.java:38)
at java.base/java.util.ArrayList.forEach(ArrayList.java:1511)
... Removed 39 stack frames]]>
    </failure>
  </testcase> <!-- testPostUser -->
  <testcase classname="api.test.UserTests" name="testgetUserByname" time="1.309">
    <failure type="java.lang.AssertionError" message="expected [200] but found [404]">
      <![CDATA[java.lang.AssertionError: expected [200] but found [404]
at api.test.UserTests.testgetUserByname(UserTests.java:45)
at java.base/java.util.ArrayList.forEach(ArrayList.java:1511)
... Removed 39 stack frames]]>
    </failure>
  </testcase> <!-- testgetUserByname -->
</testsuite> <!-- Surefire test -->
