<?xml version="1.0" encoding="UTF-8"?>
<testng-results ignored="0" total="4" passed="4" failed="0" skipped="0">
  <reporter-output>
  </reporter-output>
  <suite started-at="2024-03-26T14:35:48 IST" name="PetSuite" finished-at="2024-03-26T14:35:56 IST" duration-ms="8189">
    <groups>
    </groups>
    <test started-at="2024-03-26T14:35:48 IST" name="UserTest" finished-at="2024-03-26T14:35:56 IST" duration-ms="8189">
      <class name="api.test.UserTests">
        <test-method is-config="true" signature="setUpdata()[pri:0, instance:api.test.UserTests@79924b]" started-at="2024-03-26T14:35:48 IST" name="setUpdata" finished-at="2024-03-26T14:35:48 IST" duration-ms="145" status="PASS">
          <reporter-output>
          </reporter-output>
        </test-method> <!-- setUpdata -->
        <test-method signature="testPostUser()[pri:1, instance:api.test.UserTests@79924b]" started-at="2024-03-26T14:35:48 IST" name="testPostUser" finished-at="2024-03-26T14:35:51 IST" duration-ms="2607" status="PASS">
          <reporter-output>
          </reporter-output>
        </test-method> <!-- testPostUser -->
        <test-method signature="testgetUserByname()[pri:2, instance:api.test.UserTests@79924b]" started-at="2024-03-26T14:35:51 IST" name="testgetUserByname" finished-at="2024-03-26T14:35:52 IST" duration-ms="1323" status="PASS">
          <reporter-output>
          </reporter-output>
        </test-method> <!-- testgetUserByname -->
        <test-method signature="testUpdateUserByName()[pri:3, instance:api.test.UserTests@79924b]" started-at="2024-03-26T14:35:52 IST" name="testUpdateUserByName" finished-at="2024-03-26T14:35:55 IST" duration-ms="2624" status="PASS">
          <reporter-output>
          </reporter-output>
        </test-method> <!-- testUpdateUserByName -->
        <test-method signature="testDeleteUser()[pri:4, instance:api.test.UserTests@79924b]" started-at="2024-03-26T14:35:55 IST" name="testDeleteUser" finished-at="2024-03-26T14:35:56 IST" duration-ms="1325" status="PASS">
          <reporter-output>
          </reporter-output>
        </test-method> <!-- testDeleteUser -->
      </class> <!-- api.test.UserTests -->
    </test> <!-- UserTest -->
  </suite> <!-- PetSuite -->
</testng-results>
