<?xml version="1.0" encoding="UTF-8"?>
<!-- Generated by org.testng.reporters.JUnitXMLReporter -->
<testsuite ignored="0" hostname="Lakshmikanth_HP" failures="0" tests="4" name="UserTest" time="8.189" errors="0" timestamp="2024-03-26T14:35:56 IST">
  <testcase classname="api.test.UserTests" name="testPostUser" time="2.607"/>
  <testcase classname="api.test.UserTests" name="testgetUserByname" time="1.323"/>
  <testcase classname="api.test.UserTests" name="testUpdateUserByName" time="2.624"/>
  <testcase classname="api.test.UserTests" name="testDeleteUser" time="1.325"/>
</testsuite> <!-- UserTest -->
