<?xml version="1.0" encoding="UTF-8"?>
<!-- Generated by org.testng.reporters.JUnitXMLReporter -->
<testsuite ignored="0" hostname="Lakshmikanth_HP" failures="0" tests="4" name="UserTest" time="7.773" errors="0" timestamp="2024-03-25T15:19:13 IST">
  <testcase classname="api.test.UserTests" name="testPostUser" time="2.487"/>
  <testcase classname="api.test.UserTests" name="testgetUserByname" time="1.258"/>
  <testcase classname="api.test.UserTests" name="testUpdateUserByName" time="2.443"/>
  <testcase classname="api.test.UserTests" name="testDeleteUser" time="1.265"/>
</testsuite> <!-- UserTest -->
